<?xml version="1.0" encoding="UTF-8"?>
<coverage generated="1506035870670" clover="3.2.0">
  <project timestamp="1506035870671" name="All files">
    <metrics statements="28" coveredstatements="19" conditionals="13" coveredconditionals="11" methods="7" coveredmethods="5" elements="48" coveredelements="35" complexity="0" loc="28" ncloc="28" packages="2" files="2" classes="2">
      <package name="mock-data">
        <metrics statements="0" coveredstatements="0" conditionals="0" coveredconditionals="0" methods="0" coveredmethods="0"/>
        <file name="index.js" path="/Users/chuckhagy/Projects/urgenC-router/mock-data/index.js">
          <metrics statements="0" coveredstatements="0" conditionals="0" coveredconditionals="0" methods="0" coveredmethods="0"/>
        </file>
      </package>
      <package name="redux">
        <metrics statements="28" coveredstatements="19" conditionals="13" coveredconditionals="11" methods="7" coveredmethods="5"/>
        <file name="rootReducer.js" path="/Users/chuckhagy/Projects/urgenC-router/redux/rootReducer.js">
          <metrics statements="28" coveredstatements="19" conditionals="13" coveredconditionals="11" methods="7" coveredmethods="5"/>
          <line num="4" count="5" type="cond" truecount="5" falsecount="1"/>
          <line num="6" count="1" type="stmt"/>
          <line num="8" count="11" type="cond" truecount="3" falsecount="0"/>
          <line num="12" count="1" type="stmt"/>
          <line num="19" count="1" type="stmt"/>
          <line num="20" count="1" type="stmt"/>
          <line num="22" count="1" type="stmt"/>
          <line num="23" count="1" type="stmt"/>
          <line num="24" count="0" type="stmt"/>
          <line num="26" count="1" type="stmt"/>
          <line num="28" count="1" type="cond" truecount="3" falsecount="0"/>
          <line num="33" count="1" type="stmt"/>
          <line num="40" count="1" type="stmt"/>
          <line num="41" count="1" type="stmt"/>
          <line num="42" count="1" type="stmt"/>
          <line num="48" count="1" type="stmt"/>
          <line num="49" count="1" type="stmt"/>
          <line num="50" count="2" type="stmt"/>
          <line num="52" count="1" type="stmt"/>
          <line num="58" count="0" type="stmt"/>
          <line num="59" count="0" type="stmt"/>
          <line num="60" count="0" type="stmt"/>
          <line num="61" count="0" type="stmt"/>
          <line num="62" count="0" type="stmt"/>
          <line num="65" count="0" type="stmt"/>
          <line num="67" count="0" type="stmt"/>
          <line num="70" count="0" type="stmt"/>
          <line num="76" count="1" type="stmt"/>
        </file>
      </package>
    </metrics>
  </project>
</coverage>
