{"/Users/chuckhagy/Projects/urgenC-router/mock-data/index.js": {"path":"/Users/chuckhagy/Projects/urgenC-router/mock-data/index.js","statementMap":{},"fnMap":{},"branchMap":{},"s":{},"f":{},"b":{},"_coverageSchema":"332fd63041d2c1bcb487cc26dd0d5f7d97098a6c","hash":"0d1ab9139090b0e636a1169636133f0c6523fa3f"}
,"/Users/chuckhagy/Projects/urgenC-router/redux/rootReducer.js": {"path":"/Users/chuckhagy/Projects/urgenC-router/redux/rootReducer.js","statementMap":{"0":{"start":{"line":4,"column":2},"end":{"line":77,"column":3}},"1":{"start":{"line":6,"column":21},"end":{"line":11,"column":7}},"2":{"start":{"line":8,"column":10},"end":{"line":10,"column":23}},"3":{"start":{"line":12,"column":6},"end":{"line":16,"column":8}},"4":{"start":{"line":19,"column":23},"end":{"line":21,"column":7}},"5":{"start":{"line":20,"column":16},"end":{"line":20,"column":45}},"6":{"start":{"line":22,"column":6},"end":{"line":22,"column":36}},"7":{"start":{"line":23,"column":6},"end":{"line":25,"column":9}},"8":{"start":{"line":24,"column":8},"end":{"line":24,"column":31}},"9":{"start":{"line":26,"column":17},"end":{"line":31,"column":7}},"10":{"start":{"line":28,"column":10},"end":{"line":30,"column":23}},"11":{"start":{"line":33,"column":6},"end":{"line":37,"column":8}},"12":{"start":{"line":40,"column":24},"end":{"line":40,"column":36}},"13":{"start":{"line":41,"column":6},"end":{"line":41,"column":43}},"14":{"start":{"line":42,"column":6},"end":{"line":45,"column":8}},"15":{"start":{"line":48,"column":24},"end":{"line":48,"column":36}},"16":{"start":{"line":49,"column":6},"end":{"line":51,"column":8}},"17":{"start":{"line":50,"column":16},"end":{"line":50,"column":37}},"18":{"start":{"line":52,"column":6},"end":{"line":55,"column":8}},"19":{"start":{"line":58,"column":29},"end":{"line":58,"column":47}},"20":{"start":{"line":59,"column":26},"end":{"line":59,"column":48}},"21":{"start":{"line":60,"column":6},"end":{"line":68,"column":9}},"22":{"start":{"line":61,"column":8},"end":{"line":61,"column":78}},"23":{"start":{"line":62,"column":8},"end":{"line":64,"column":45}},"24":{"start":{"line":65,"column":8},"end":{"line":66,"column":79}},"25":{"start":{"line":67,"column":8},"end":{"line":67,"column":20}},"26":{"start":{"line":70,"column":6},"end":{"line":73,"column":8}},"27":{"start":{"line":76,"column":6},"end":{"line":76,"column":26}}},"fnMap":{"0":{"name":"rootReducer","decl":{"start":{"line":3,"column":24},"end":{"line":3,"column":35}},"loc":{"start":{"line":3,"column":74},"end":{"line":78,"column":1}},"line":3},"1":{"name":"(anonymous_1)","decl":{"start":{"line":7,"column":8},"end":{"line":7,"column":9}},"loc":{"start":{"line":8,"column":10},"end":{"line":10,"column":23}},"line":8},"2":{"name":"(anonymous_2)","decl":{"start":{"line":20,"column":8},"end":{"line":20,"column":9}},"loc":{"start":{"line":20,"column":16},"end":{"line":20,"column":45}},"line":20},"3":{"name":"(anonymous_3)","decl":{"start":{"line":23,"column":20},"end":{"line":23,"column":21}},"loc":{"start":{"line":23,"column":35},"end":{"line":25,"column":7}},"line":23},"4":{"name":"(anonymous_4)","decl":{"start":{"line":27,"column":8},"end":{"line":27,"column":9}},"loc":{"start":{"line":28,"column":10},"end":{"line":30,"column":23}},"line":28},"5":{"name":"(anonymous_5)","decl":{"start":{"line":50,"column":8},"end":{"line":50,"column":9}},"loc":{"start":{"line":50,"column":16},"end":{"line":50,"column":37}},"line":50},"6":{"name":"(anonymous_6)","decl":{"start":{"line":60,"column":42},"end":{"line":60,"column":43}},"loc":{"start":{"line":60,"column":50},"end":{"line":68,"column":7}},"line":60}},"branchMap":{"0":{"loc":{"start":{"line":3,"column":36},"end":{"line":3,"column":64}},"type":"default-arg","locations":[{"start":{"line":3,"column":51},"end":{"line":3,"column":64}}],"line":3},"1":{"loc":{"start":{"line":4,"column":2},"end":{"line":77,"column":3}},"type":"switch","locations":[{"start":{"line":5,"column":4},"end":{"line":16,"column":8}},{"start":{"line":18,"column":4},"end":{"line":37,"column":8}},{"start":{"line":39,"column":4},"end":{"line":45,"column":8}},{"start":{"line":47,"column":4},"end":{"line":55,"column":8}},{"start":{"line":57,"column":4},"end":{"line":73,"column":8}},{"start":{"line":75,"column":4},"end":{"line":76,"column":26}}],"line":4},"2":{"loc":{"start":{"line":8,"column":10},"end":{"line":10,"column":23}},"type":"binary-expr","locations":[{"start":{"line":8,"column":10},"end":{"line":8,"column":72}},{"start":{"line":9,"column":10},"end":{"line":9,"column":23}},{"start":{"line":10,"column":10},"end":{"line":10,"column":23}}],"line":8},"3":{"loc":{"start":{"line":28,"column":10},"end":{"line":30,"column":23}},"type":"binary-expr","locations":[{"start":{"line":28,"column":10},"end":{"line":28,"column":72}},{"start":{"line":29,"column":10},"end":{"line":29,"column":23}},{"start":{"line":30,"column":10},"end":{"line":30,"column":23}}],"line":28}},"s":{"0":5,"1":1,"2":11,"3":1,"4":1,"5":1,"6":1,"7":1,"8":0,"9":1,"10":1,"11":1,"12":1,"13":1,"14":1,"15":1,"16":1,"17":2,"18":1,"19":0,"20":0,"21":0,"22":0,"23":0,"24":0,"25":0,"26":0,"27":1},"f":{"0":5,"1":11,"2":1,"3":0,"4":1,"5":2,"6":0},"b":{"0":[0],"1":[1,1,1,1,0,1],"2":[11,6,4],"3":[1,1,1]},"_coverageSchema":"332fd63041d2c1bcb487cc26dd0d5f7d97098a6c","hash":"e9c36c7c62bc356ee5a865478c4faa1ad6097ecc"}
}
