TN:
SF:/Users/chuckhagy/Projects/urgenC-router/mock-data/index.js
FNF:0
FNH:0
LF:0
LH:0
BRF:0
BRH:0
end_of_record
TN:
SF:/Users/chuckhagy/Projects/urgenC-router/redux/rootReducer.js
FN:3,rootReducer
FN:7,(anonymous_1)
FN:20,(anonymous_2)
FN:23,(anonymous_3)
FN:27,(anonymous_4)
FN:50,(anonymous_5)
FN:60,(anonymous_6)
FNF:7
FNH:5
FNDA:5,rootReducer
FNDA:11,(anonymous_1)
FNDA:1,(anonymous_2)
FNDA:0,(anonymous_3)
FNDA:1,(anonymous_4)
FNDA:2,(anonymous_5)
FNDA:0,(anonymous_6)
DA:4,5
DA:6,1
DA:8,11
DA:12,1
DA:19,1
DA:20,1
DA:22,1
DA:23,1
DA:24,0
DA:26,1
DA:28,1
DA:33,1
DA:40,1
DA:41,1
DA:42,1
DA:48,1
DA:49,1
DA:50,2
DA:52,1
DA:58,0
DA:59,0
DA:60,0
DA:61,0
DA:62,0
DA:65,0
DA:67,0
DA:70,0
DA:76,1
LF:28
LH:19
BRDA:3,0,0,0
BRDA:4,1,0,1
BRDA:4,1,1,1
BRDA:4,1,2,1
BRDA:4,1,3,1
BRDA:4,1,4,0
BRDA:4,1,5,1
BRDA:8,2,0,11
BRDA:8,2,1,6
BRDA:8,2,2,4
BRDA:28,3,0,1
BRDA:28,3,1,1
BRDA:28,3,2,1
BRF:13
BRH:11
end_of_record
